C:\USERS\OHSHIMA\DESKTOP\BMP_NOISE2016-0718\BMP_NOISE\X64\DEBUG\BMP_NOISE.EXE.INTERMEDIATE.MANIFEST
C:\USERS\OHSHIMA\DESKTOP\BMP_NOISE2016-0718\BMP_NOISE\X64\DEBUG\BMP_NOISE.OBJ
C:\USERS\OHSHIMA\DESKTOP\BMP_NOISE2016-0718\BMP_NOISE\X64\DEBUG\VC100.PDB
C:\USERS\OHSHIMA\DESKTOP\BMP_NOISE2016-0718\X64\DEBUG\BMP_NOISE.EXE
C:\USERS\OHSHIMA\DESKTOP\BMP_NOISE2016-0718\X64\DEBUG\BMP_NOISE.EXE.MANIFEST
C:\USERS\OHSHIMA\DESKTOP\BMP_NOISE2016-0718\X64\DEBUG\BMP_NOISE.ILK
C:\USERS\OHSHIMA\DESKTOP\BMP_NOISE2016-0718\X64\DEBUG\BMP_NOISE.PDB
D:\DESKTOP_PROGRAM\BMP_NOISE2016-0718\BMP_NOISE\X64\DEBUG\BMP_NOISE.EXE.INTERMEDIATE.MANIFEST
D:\DESKTOP_PROGRAM\BMP_NOISE2016-0718\BMP_NOISE\X64\DEBUG\BMP_NOISE.OBJ
D:\desktop_program\bmp_noise2016-0718\bmp_noise\x64\Debug\bmp_noise.vcxprojResolveAssemblyReference.cache
D:\desktop_program\bmp_noise2016-0718\bmp_noise\x64\Debug\bmp_noise.write.1.tlog
D:\desktop_program\bmp_noise2016-0718\bmp_noise\x64\Debug\cl.command.1.tlog
D:\desktop_program\bmp_noise2016-0718\bmp_noise\x64\Debug\CL.read.1.tlog
D:\desktop_program\bmp_noise2016-0718\bmp_noise\x64\Debug\CL.write.1.tlog
D:\desktop_program\bmp_noise2016-0718\bmp_noise\x64\Debug\link.command.1.tlog
D:\desktop_program\bmp_noise2016-0718\bmp_noise\x64\Debug\link.read.1.tlog
D:\desktop_program\bmp_noise2016-0718\bmp_noise\x64\Debug\link.write.1.tlog
D:\desktop_program\bmp_noise2016-0718\bmp_noise\x64\Debug\mt.command.1.tlog
D:\desktop_program\bmp_noise2016-0718\bmp_noise\x64\Debug\mt.read.1.tlog
D:\desktop_program\bmp_noise2016-0718\bmp_noise\x64\Debug\mt.write.1.tlog
D:\desktop_program\bmp_noise2016-0718\bmp_noise\x64\Debug\vc100.idb
D:\DESKTOP_PROGRAM\BMP_NOISE2016-0718\BMP_NOISE\X64\DEBUG\VC100.PDB
D:\DESKTOP_PROGRAM\BMP_NOISE2016-0718\X64\DEBUG\BMP_NOISE.EXE
D:\desktop_program\bmp_noise2016-0718\x64\Debug\bmp_noise.exe.manifest
D:\DESKTOP_PROGRAM\BMP_NOISE2016-0718\X64\DEBUG\BMP_NOISE.ILK
D:\DESKTOP_PROGRAM\BMP_NOISE2016-0718\X64\DEBUG\BMP_NOISE.PDB
